<?xml version="1.0" encoding="UTF-8"?>
<testsuites name="Suites_Reservasi_Foreigner" time="42.177" tests="2" passed="2" failures="0" errors="0" incompleted="0" skipped="0">
   <testsuite name="Suites_Reservasi_Foreigner" tests="2" passed="2" failures="0" errors="0" incompleted="0" skipped="0" time="42.177" timestamp="2026-05-22T04:03:49.972Z" hostname="NCI-IS - DESKTOP-JISS8F0" id="Test Suites/Suites_Reservasi_Foreigner" status="PASSED">
      <properties>
         <property name="deviceName" value=""/>
         <property name="devicePlatform"/>
         <property name="logFolder" value="C:\\Users\\NCI-IS\\git\\testingqa\\Reports\\20260522_110343\\Suites_Reservasi_Foreigner\\20260522_110343"/>
         <property name="logFiles" value="C:\\Users\\NCI-IS\\git\\testingqa\\Reports\\20260522_110343\\Suites_Reservasi_Foreigner\\20260522_110343\\console0.log, C:\\Users\\NCI-IS\\git\\testingqa\\Reports\\20260522_110343\\Suites_Reservasi_Foreigner\\20260522_110343\\execution0.log"/>
         <property name="attachments" value=""/>
         <property name="executionBindingVariables" value="[]"/>
         <property name="hostName" value="NCI-IS - DESKTOP-JISS8F0"/>
         <property name="os" value="Windows 11 64bit"/>
         <property name="katalonVersion" value="11.1.3.0"/>
         <property name="browser" value="Chrome 148.0.7778.168"/>
         <property name="userFullName" value="Heri Kuswanto"/>
         <property name="hostAddress" value="192.168.0.64"/>
         <property name="sessionId" value="a382bf363f20072570151c4fec4e4fb2"/>
         <property name="projectName" value="testingqa"/>
         <property name="seleniumVersion" value="4.39.0"/>
         <property name="proxyInformation" value="ProxyInformation { proxyOption=NO_PROXY, proxyServerType=HTTP, username=, password=********, proxyServerAddress=, proxyServerPort=0, executionList=&quot;&quot;, isApplyToDesiredCapabilities=true }"/>
         <property name="platform" value="Windows 11"/>
      </properties>
      <testcase name="Test Cases/TC01 - Login" time="30.701" classname="Test Cases/TC01 - Login" status="PASSED">
         <system-out><![CDATA[22-05-2026T11:03:50 - [TEST_CASE][PASSED] - Test Cases/TC01 - Login: Test Cases/TC01 - Login

22-05-2026T11:03:50 - [TEST_STEP][PASSED] - openBrowser(""): Browser is opened with url: ''

22-05-2026T11:03:51 - [MESSAGE][INFO] - Starting 'Chrome' driver

22-05-2026T11:03:51 - [MESSAGE][INFO] - Action delay is set to 0 milliseconds

22-05-2026T11:03:53 - [MESSAGE][PASSED] - Browser is opened with url: ''

22-05-2026T11:03:53 - [TEST_STEP][PASSED] - navigateToUrl("https://app.nci.co.id/siora/"): Navigate to 'https://app.nci.co.id/siora/' successfully

22-05-2026T11:03:53 - [MESSAGE][PASSED] - Navigate to 'https://app.nci.co.id/siora/' successfully

22-05-2026T11:03:53 - [TEST_STEP][PASSED] - delay(5): Delayed 5 second(s)

22-05-2026T11:03:58 - [MESSAGE][PASSED] - Delayed 5 second(s)

22-05-2026T11:03:58 - [TEST_STEP][PASSED] - click(findTestObject("Login_OR/Page_SIORA/button_Login")): Object: 'Object Repository/Login_OR/Page_SIORA/button_Login' is clicked on

22-05-2026T11:03:59 - [MESSAGE][PASSED] - Object: 'Object Repository/Login_OR/Page_SIORA/button_Login' is clicked on

22-05-2026T11:03:59 - [TEST_STEP][PASSED] - delay(5): Delayed 5 second(s)

22-05-2026T11:04:04 - [MESSAGE][PASSED] - Delayed 5 second(s)

22-05-2026T11:04:04 - [TEST_STEP][PASSED] - setText(findTestObject("Login_OR/Page_SIORA/input_enter your email"), "herykuswanto03@gmail.com"): Text 'herykuswanto03@gmail.com' is set on object 'Object Repository/Login_OR/Page_SIORA/input_enter your email'

22-05-2026T11:04:05 - [MESSAGE][PASSED] - Text 'herykuswanto03@gmail.com' is set on object 'Object Repository/Login_OR/Page_SIORA/input_enter your email'

22-05-2026T11:04:05 - [TEST_STEP][PASSED] - delay(5): Delayed 5 second(s)

22-05-2026T11:04:10 - [MESSAGE][PASSED] - Delayed 5 second(s)

22-05-2026T11:04:10 - [TEST_STEP][PASSED] - setEncryptedText(findTestObject("Login_OR/Page_SIORA/input_"), "qkk5RTyihrJfVaznnNKVlg=="): Text ****** has been set on object 'Object Repository/Login_OR/Page_SIORA/input_'

22-05-2026T11:04:10 - [MESSAGE][PASSED] - Text ****** has been set on object 'Object Repository/Login_OR/Page_SIORA/input_'

22-05-2026T11:04:10 - [TEST_STEP][PASSED] - delay(5): Delayed 5 second(s)

22-05-2026T11:04:15 - [MESSAGE][PASSED] - Delayed 5 second(s)

22-05-2026T11:04:15 - [TEST_STEP][PASSED] - click(findTestObject("Login_OR/Page_SIORA/button_Sign In")): Object: 'Object Repository/Login_OR/Page_SIORA/button_Sign In' is clicked on

22-05-2026T11:04:15 - [MESSAGE][PASSED] - Object: 'Object Repository/Login_OR/Page_SIORA/button_Sign In' is clicked on

22-05-2026T11:04:15 - [TEST_STEP][PASSED] - delay(5): Delayed 5 second(s)

22-05-2026T11:04:20 - [MESSAGE][PASSED] - Delayed 5 second(s)]]></system-out>
         <system-err><![CDATA[]]></system-err>
      </testcase>
      <testcase name="Test Cases/TC03 - Reservasi Foreigner" time="11.268" classname="Test Cases/TC03 - Reservasi Foreigner" status="PASSED">
         <system-out><![CDATA[22-05-2026T11:04:20 - [TEST_CASE][PASSED] - Test Cases/TC03 - Reservasi Foreigner: Test Cases/TC03 - Reservasi Foreigner

22-05-2026T11:04:20 - [TEST_STEP][PASSED] - click(findTestObject("Reservasi_OR/Page_SIORA/img_Komodo Reservation")): Object: 'Object Repository/Reservasi_OR/Page_SIORA/img_Komodo Reservation' is clicked on

22-05-2026T11:04:21 - [MESSAGE][PASSED] - Object: 'Object Repository/Reservasi_OR/Page_SIORA/img_Komodo Reservation' is clicked on

22-05-2026T11:04:21 - [TEST_STEP][PASSED] - click(findTestObject("Reservasi_OR/Page_SIORA/div_w-6 h-6 rounded-lg border-2 flex items-cente")): Object: 'Object Repository/Reservasi_OR/Page_SIORA/div_w-6 h-6 rounded-lg border-2 flex items-cente' is clicked on

22-05-2026T11:04:22 - [MESSAGE][PASSED] - Object: 'Object Repository/Reservasi_OR/Page_SIORA/div_w-6 h-6 rounded-lg border-2 flex items-cente' is clicked on

22-05-2026T11:04:22 - [TEST_STEP][PASSED] - click(findTestObject("Reservasi_OR/Page_SIORA/button_Next")): Object: 'Object Repository/Reservasi_OR/Page_SIORA/button_Next' is clicked on

22-05-2026T11:04:22 - [MESSAGE][PASSED] - Object: 'Object Repository/Reservasi_OR/Page_SIORA/button_Next' is clicked on

22-05-2026T11:04:22 - [TEST_STEP][PASSED] - click(findTestObject("Reservasi_OR/Page_SIORA/Page_SIORA/button_inline-flex items-center justify-center g")): Object: 'Object Repository/Reservasi_OR/Page_SIORA/Page_SIORA/button_inline-flex items-center justify-center g' is clicked on

22-05-2026T11:04:22 - [MESSAGE][PASSED] - Object: 'Object Repository/Reservasi_OR/Page_SIORA/Page_SIORA/button_inline-flex items-center justify-center g' is clicked on

22-05-2026T11:04:22 - [TEST_STEP][PASSED] - click(findTestObject("Reservasi_OR/Page_SIORA/button_Continue to Tickets")): Object: 'Object Repository/Reservasi_OR/Page_SIORA/button_Continue to Tickets' is clicked on

22-05-2026T11:04:23 - [MESSAGE][PASSED] - Object: 'Object Repository/Reservasi_OR/Page_SIORA/button_Continue to Tickets' is clicked on

22-05-2026T11:04:23 - [TEST_STEP][PASSED] - click(findTestObject("Reservasi_OR/Page_SIORA/button_Komodo National Park")): Object: 'Object Repository/Reservasi_OR/Page_SIORA/button_Komodo National Park' is clicked on

22-05-2026T11:04:23 - [MESSAGE][PASSED] - Object: 'Object Repository/Reservasi_OR/Page_SIORA/button_Komodo National Park' is clicked on

22-05-2026T11:04:23 - [TEST_STEP][PASSED] - click(findTestObject("Reservasi_OR/Page_SIORA/button_Continue to Tickets")): Object: 'Object Repository/Reservasi_OR/Page_SIORA/button_Continue to Tickets' is clicked on

22-05-2026T11:04:24 - [MESSAGE][PASSED] - Object: 'Object Repository/Reservasi_OR/Page_SIORA/button_Continue to Tickets' is clicked on

22-05-2026T11:04:24 - [TEST_STEP][PASSED] - click(findTestObject("Reservasi_OR/Page_SIORA/Page_SIORA/button_FOREIGNER1")): Object: 'Object Repository/Reservasi_OR/Page_SIORA/Page_SIORA/button_FOREIGNER1' is clicked on

22-05-2026T11:04:25 - [MESSAGE][PASSED] - Object: 'Object Repository/Reservasi_OR/Page_SIORA/Page_SIORA/button_FOREIGNER1' is clicked on

22-05-2026T11:04:25 - [TEST_STEP][PASSED] - setText(findTestObject("Reservasi_OR/Page_SIORA/input_Alexander Thorne"), "testing"): Text 'testing' is set on object 'Object Repository/Reservasi_OR/Page_SIORA/input_Alexander Thorne'

22-05-2026T11:04:26 - [MESSAGE][PASSED] - Text 'testing' is set on object 'Object Repository/Reservasi_OR/Page_SIORA/input_Alexander Thorne'

22-05-2026T11:04:26 - [TEST_STEP][PASSED] - setText(findTestObject("Reservasi_OR/Page_SIORA/input_Passport or National ID"), "0123456789"): Text '0123456789' is set on object 'Object Repository/Reservasi_OR/Page_SIORA/input_Passport or National ID'

22-05-2026T11:04:26 - [MESSAGE][PASSED] - Text '0123456789' is set on object 'Object Repository/Reservasi_OR/Page_SIORA/input_Passport or National ID'

22-05-2026T11:04:26 - [TEST_STEP][PASSED] - click(findTestObject("Reservasi_OR/Page_SIORA/Page_SIORA/div_css-1xc3v61-indicatorContainer")): Object: 'Object Repository/Reservasi_OR/Page_SIORA/Page_SIORA/div_css-1xc3v61-indicatorContainer' is clicked on

22-05-2026T11:04:27 - [MESSAGE][PASSED] - Object: 'Object Repository/Reservasi_OR/Page_SIORA/Page_SIORA/div_css-1xc3v61-indicatorContainer' is clicked on

22-05-2026T11:04:27 - [TEST_STEP][PASSED] - click(findTestObject("Reservasi_OR/Page_SIORA/Page_SIORA/div_react-select-3-option-17")): Object: 'Object Repository/Reservasi_OR/Page_SIORA/Page_SIORA/div_react-select-3-option-17' is clicked on

22-05-2026T11:04:28 - [MESSAGE][PASSED] - Object: 'Object Repository/Reservasi_OR/Page_SIORA/Page_SIORA/div_react-select-3-option-17' is clicked on

22-05-2026T11:04:28 - [TEST_STEP][PASSED] - setText(findTestObject("Reservasi_OR/Page_SIORA/input_e.g. London"), "testing"): Text 'testing' is set on object 'Object Repository/Reservasi_OR/Page_SIORA/input_e.g. London'

22-05-2026T11:04:29 - [MESSAGE][PASSED] - Text 'testing' is set on object 'Object Repository/Reservasi_OR/Page_SIORA/input_e.g. London'

22-05-2026T11:04:29 - [TEST_STEP][PASSED] - setText(findTestObject("Reservasi_OR/Page_SIORA/input_44"), "1412"): Text '1412' is set on object 'Object Repository/Reservasi_OR/Page_SIORA/input_44'

22-05-2026T11:04:29 - [MESSAGE][PASSED] - Text '1412' is set on object 'Object Repository/Reservasi_OR/Page_SIORA/input_44'

22-05-2026T11:04:29 - [TEST_STEP][PASSED] - setText(findTestObject("Reservasi_OR/Page_SIORA/input_7700 900000"), "1412123"): Text '1412123' is set on object 'Object Repository/Reservasi_OR/Page_SIORA/input_7700 900000'

22-05-2026T11:04:30 - [MESSAGE][PASSED] - Text '1412123' is set on object 'Object Repository/Reservasi_OR/Page_SIORA/input_7700 900000'

22-05-2026T11:04:30 - [TEST_STEP][PASSED] - click(findTestObject("Reservasi_OR/Page_SIORA/button_Continue to Tickets")): Object: 'Object Repository/Reservasi_OR/Page_SIORA/button_Continue to Tickets' is clicked on

22-05-2026T11:04:30 - [MESSAGE][PASSED] - Object: 'Object Repository/Reservasi_OR/Page_SIORA/button_Continue to Tickets' is clicked on

22-05-2026T11:04:30 - [TEST_STEP][PASSED] - click(findTestObject("Reservasi_OR/Page_SIORA/Page_SIORA/button_Confirm")): Object: 'Object Repository/Reservasi_OR/Page_SIORA/Page_SIORA/button_Confirm' is clicked on

22-05-2026T11:04:31 - [MESSAGE][PASSED] - Object: 'Object Repository/Reservasi_OR/Page_SIORA/Page_SIORA/button_Confirm' is clicked on

22-05-2026T11:04:31 - [TEST_STEP][PASSED] - click(findTestObject("Reservasi_OR/Page_SIORA/button_Continue to Tickets")): Object: 'Object Repository/Reservasi_OR/Page_SIORA/button_Continue to Tickets' is clicked on

22-05-2026T11:04:32 - [MESSAGE][PASSED] - Object: 'Object Repository/Reservasi_OR/Page_SIORA/button_Continue to Tickets' is clicked on]]></system-out>
         <system-err><![CDATA[]]></system-err>
      </testcase>
      <system-out><![CDATA[22-05-2026T11:03:49 - [TEST_SUITE][PASSED] - Suites_Reservasi_Foreigner: null]]></system-out>
      <system-err><![CDATA[]]></system-err>
   </testsuite>
</testsuites>
