<?xml version="1.0" encoding="UTF-8"?>
<testsuites name="Reservasi_Domestic" time="40.932" tests="2" passed="2" failures="0" errors="0" incompleted="0" skipped="0">
   <testsuite name="Reservasi_Domestic" tests="2" passed="2" failures="0" errors="0" incompleted="0" skipped="0" time="40.932" timestamp="2026-05-22T03:18:38.119Z" hostname="NCI-IS - DESKTOP-JISS8F0" id="Test Suites/Reservasi_Domestic" status="PASSED">
      <properties>
         <property name="deviceName" value=""/>
         <property name="devicePlatform"/>
         <property name="logFolder" value="C:\\Users\\NCI-IS\\git\\testingqa\\Reports\\20260522_101820\\Reservasi_Domestic\\20260522_101822"/>
         <property name="logFiles" value="C:\\Users\\NCI-IS\\git\\testingqa\\Reports\\20260522_101820\\Reservasi_Domestic\\20260522_101822\\console0.log, C:\\Users\\NCI-IS\\git\\testingqa\\Reports\\20260522_101820\\Reservasi_Domestic\\20260522_101822\\execution0.log"/>
         <property name="attachments" value=""/>
         <property name="executionBindingVariables" value="[]"/>
         <property name="hostName" value="NCI-IS - DESKTOP-JISS8F0"/>
         <property name="os" value="Windows 11 64bit"/>
         <property name="katalonVersion" value="11.1.3.0"/>
         <property name="browser" value="Chrome 148.0.7778.168"/>
         <property name="userFullName" value="Heri Kuswanto"/>
         <property name="hostAddress" value="192.168.0.64"/>
         <property name="sessionId" value="6baeb08d858c038c367d903954cefd43"/>
         <property name="projectName" value="testingqa"/>
         <property name="seleniumVersion" value="4.39.0"/>
         <property name="proxyInformation" value="ProxyInformation { proxyOption=NO_PROXY, proxyServerType=HTTP, username=, password=********, proxyServerAddress=, proxyServerPort=0, executionList=&quot;&quot;, isApplyToDesiredCapabilities=true }"/>
         <property name="platform" value="Windows 11"/>
      </properties>
      <testcase name="Test Cases/TC01 - Login" time="14.026" classname="Test Cases/TC01 - Login" status="PASSED">
         <system-out><![CDATA[22-05-2026T10:18:38 - [TEST_CASE][PASSED] - Test Cases/TC01 - Login: Test Cases/TC01 - Login

22-05-2026T10:18:39 - [TEST_STEP][PASSED] - openBrowser(""): Browser is opened with url: ''

22-05-2026T10:18:39 - [MESSAGE][INFO] - Starting 'Chrome' driver

22-05-2026T10:18:39 - [MESSAGE][INFO] - Action delay is set to 0 milliseconds

22-05-2026T10:18:45 - [MESSAGE][PASSED] - Browser is opened with url: ''

22-05-2026T10:18:45 - [TEST_STEP][PASSED] - navigateToUrl("https://app.nci.co.id/siora/"): Navigate to 'https://app.nci.co.id/siora/' successfully

22-05-2026T10:18:46 - [MESSAGE][PASSED] - Navigate to 'https://app.nci.co.id/siora/' successfully

22-05-2026T10:18:46 - [TEST_STEP][PASSED] - click(findTestObject("Login_OR/Page_SIORA/button_Login")): Object: 'Object Repository/Login_OR/Page_SIORA/button_Login' is clicked on

22-05-2026T10:18:48 - [MESSAGE][PASSED] - Object: 'Object Repository/Login_OR/Page_SIORA/button_Login' is clicked on

22-05-2026T10:18:48 - [TEST_STEP][PASSED] - setText(findTestObject("Login_OR/Page_SIORA/input_enter your email"), "herykuswanto03@gmail.com"): Text 'herykuswanto03@gmail.com' is set on object 'Object Repository/Login_OR/Page_SIORA/input_enter your email'

22-05-2026T10:18:50 - [MESSAGE][PASSED] - Text 'herykuswanto03@gmail.com' is set on object 'Object Repository/Login_OR/Page_SIORA/input_enter your email'

22-05-2026T10:18:50 - [TEST_STEP][PASSED] - setEncryptedText(findTestObject("Login_OR/Page_SIORA/input_"), "qkk5RTyihrJfVaznnNKVlg=="): Text ****** has been set on object 'Object Repository/Login_OR/Page_SIORA/input_'

22-05-2026T10:18:51 - [MESSAGE][PASSED] - Text ****** has been set on object 'Object Repository/Login_OR/Page_SIORA/input_'

22-05-2026T10:18:51 - [TEST_STEP][PASSED] - click(findTestObject("Login_OR/Page_SIORA/button_Sign In")): Object: 'Object Repository/Login_OR/Page_SIORA/button_Sign In' is clicked on

22-05-2026T10:18:52 - [MESSAGE][PASSED] - Object: 'Object Repository/Login_OR/Page_SIORA/button_Sign In' is clicked on]]></system-out>
         <system-err><![CDATA[]]></system-err>
      </testcase>
      <testcase name="Test Cases/TC02 - Reservasi Domestic" time="26.58" classname="Test Cases/TC02 - Reservasi Domestic" status="PASSED">
         <system-out><![CDATA[22-05-2026T10:18:52 - [TEST_CASE][PASSED] - Test Cases/TC02 - Reservasi Domestic: Test Cases/TC02 - Reservasi Domestic

22-05-2026T10:18:52 - [TEST_STEP][PASSED] - click(findTestObject("Reservasi_OR/Page_SIORA/img_Komodo Reservation")): Object: 'Object Repository/Reservasi_OR/Page_SIORA/img_Komodo Reservation' is clicked on

22-05-2026T10:18:53 - [MESSAGE][PASSED] - Object: 'Object Repository/Reservasi_OR/Page_SIORA/img_Komodo Reservation' is clicked on

22-05-2026T10:18:53 - [TEST_STEP][PASSED] - click(findTestObject("Reservasi_OR/Page_SIORA/div_w-6 h-6 rounded-lg border-2 flex items-cente")): Object: 'Object Repository/Reservasi_OR/Page_SIORA/div_w-6 h-6 rounded-lg border-2 flex items-cente' is clicked on

22-05-2026T10:18:54 - [MESSAGE][PASSED] - Object: 'Object Repository/Reservasi_OR/Page_SIORA/div_w-6 h-6 rounded-lg border-2 flex items-cente' is clicked on

22-05-2026T10:18:54 - [TEST_STEP][PASSED] - click(findTestObject("Reservasi_OR/Page_SIORA/button_Next")): Object: 'Object Repository/Reservasi_OR/Page_SIORA/button_Next' is clicked on

22-05-2026T10:18:55 - [MESSAGE][PASSED] - Object: 'Object Repository/Reservasi_OR/Page_SIORA/button_Next' is clicked on

22-05-2026T10:18:55 - [TEST_STEP][PASSED] - click(findTestObject("Reservasi_OR/Page_SIORA/button_inline-flex items-center justify-center g")): Object: 'Object Repository/Reservasi_OR/Page_SIORA/button_inline-flex items-center justify-center g' is clicked on

22-05-2026T10:18:56 - [MESSAGE][PASSED] - Object: 'Object Repository/Reservasi_OR/Page_SIORA/button_inline-flex items-center justify-center g' is clicked on

22-05-2026T10:18:56 - [TEST_STEP][PASSED] - click(findTestObject("Reservasi_OR/Page_SIORA/button_Continue to Tickets")): Object: 'Object Repository/Reservasi_OR/Page_SIORA/button_Continue to Tickets' is clicked on

22-05-2026T10:18:57 - [MESSAGE][PASSED] - Object: 'Object Repository/Reservasi_OR/Page_SIORA/button_Continue to Tickets' is clicked on

22-05-2026T10:18:57 - [TEST_STEP][PASSED] - click(findTestObject("Reservasi_OR/Page_SIORA/button_Komodo National Park")): Object: 'Object Repository/Reservasi_OR/Page_SIORA/button_Komodo National Park' is clicked on

22-05-2026T10:18:57 - [MESSAGE][PASSED] - Object: 'Object Repository/Reservasi_OR/Page_SIORA/button_Komodo National Park' is clicked on

22-05-2026T10:18:57 - [TEST_STEP][PASSED] - click(findTestObject("Reservasi_OR/Page_SIORA/button_Continue to Tickets")): Object: 'Object Repository/Reservasi_OR/Page_SIORA/button_Continue to Tickets' is clicked on

22-05-2026T10:18:58 - [MESSAGE][PASSED] - Object: 'Object Repository/Reservasi_OR/Page_SIORA/button_Continue to Tickets' is clicked on

22-05-2026T10:18:58 - [TEST_STEP][PASSED] - setText(findTestObject("Reservasi_OR/Page_SIORA/input_Alexander Thorne"), "testing"): Text 'testing' is set on object 'Object Repository/Reservasi_OR/Page_SIORA/input_Alexander Thorne'

22-05-2026T10:19:00 - [MESSAGE][PASSED] - Text 'testing' is set on object 'Object Repository/Reservasi_OR/Page_SIORA/input_Alexander Thorne'

22-05-2026T10:19:00 - [TEST_STEP][PASSED] - setText(findTestObject("Reservasi_OR/Page_SIORA/input_Passport or National ID"), "0123456789"): Text '0123456789' is set on object 'Object Repository/Reservasi_OR/Page_SIORA/input_Passport or National ID'

22-05-2026T10:19:01 - [MESSAGE][PASSED] - Text '0123456789' is set on object 'Object Repository/Reservasi_OR/Page_SIORA/input_Passport or National ID'

22-05-2026T10:19:01 - [TEST_STEP][PASSED] - setText(findTestObject("Reservasi_OR/Page_SIORA/input_e.g. London"), "testing"): Text 'testing' is set on object 'Object Repository/Reservasi_OR/Page_SIORA/input_e.g. London'

22-05-2026T10:19:03 - [MESSAGE][PASSED] - Text 'testing' is set on object 'Object Repository/Reservasi_OR/Page_SIORA/input_e.g. London'

22-05-2026T10:19:03 - [TEST_STEP][PASSED] - setText(findTestObject("Reservasi_OR/Page_SIORA/input_44"), "124"): Text '124' is set on object 'Object Repository/Reservasi_OR/Page_SIORA/input_44'

22-05-2026T10:19:04 - [MESSAGE][PASSED] - Text '124' is set on object 'Object Repository/Reservasi_OR/Page_SIORA/input_44'

22-05-2026T10:19:04 - [TEST_STEP][PASSED] - setText(findTestObject("Reservasi_OR/Page_SIORA/input_7700 900000"), "1241234"): Text '1241234' is set on object 'Object Repository/Reservasi_OR/Page_SIORA/input_7700 900000'

22-05-2026T10:19:06 - [MESSAGE][PASSED] - Text '1241234' is set on object 'Object Repository/Reservasi_OR/Page_SIORA/input_7700 900000'

22-05-2026T10:19:06 - [TEST_STEP][PASSED] - click(findTestObject("Reservasi_OR/Page_SIORA/button_Continue to Tickets")): Object: 'Object Repository/Reservasi_OR/Page_SIORA/button_Continue to Tickets' is clicked on

22-05-2026T10:19:07 - [MESSAGE][PASSED] - Object: 'Object Repository/Reservasi_OR/Page_SIORA/button_Continue to Tickets' is clicked on

22-05-2026T10:19:07 - [TEST_STEP][PASSED] - click(findTestObject("Reservasi_OR/Page_SIORA/button_Confirm")): Object: 'Object Repository/Reservasi_OR/Page_SIORA/button_Confirm' is clicked on

22-05-2026T10:19:08 - [MESSAGE][PASSED] - Object: 'Object Repository/Reservasi_OR/Page_SIORA/button_Confirm' is clicked on

22-05-2026T10:19:08 - [TEST_STEP][PASSED] - click(findTestObject("Reservasi_OR/Page_SIORA/button_Continue to Tickets")): Object: 'Object Repository/Reservasi_OR/Page_SIORA/button_Continue to Tickets' is clicked on

22-05-2026T10:19:18 - [MESSAGE][WARNING] - Waiting for element timed out

22-05-2026T10:19:19 - [MESSAGE][PASSED] - Object: 'Object Repository/Reservasi_OR/Page_SIORA/button_Continue to Tickets' is clicked on]]></system-out>
         <system-err><![CDATA[]]></system-err>
      </testcase>
      <system-out><![CDATA[22-05-2026T10:18:38 - [TEST_SUITE][PASSED] - Reservasi_Domestic: null]]></system-out>
      <system-err><![CDATA[]]></system-err>
   </testsuite>
</testsuites>
