<?xml version="1.0" encoding="UTF-8"?>
<testsuites name="Reservasi_Domestic" time="113.216" tests="2" passed="2" failures="0" errors="0" incompleted="0" skipped="0">
   <testsuite name="Reservasi_Domestic" tests="2" passed="2" failures="0" errors="0" incompleted="0" skipped="0" time="113.216" timestamp="2026-05-22T03:25:46.026Z" hostname="NCI-IS - DESKTOP-JISS8F0" id="Test Suites/Reservasi_Domestic" status="PASSED">
      <properties>
         <property name="deviceName" value=""/>
         <property name="devicePlatform"/>
         <property name="logFolder" value="C:\\Users\\NCI-IS\\git\\testingqa\\Reports\\20260522_102539\\Reservasi_Domestic\\20260522_102539"/>
         <property name="logFiles" value="C:\\Users\\NCI-IS\\git\\testingqa\\Reports\\20260522_102539\\Reservasi_Domestic\\20260522_102539\\console0.log, C:\\Users\\NCI-IS\\git\\testingqa\\Reports\\20260522_102539\\Reservasi_Domestic\\20260522_102539\\execution0.log"/>
         <property name="attachments" value=""/>
         <property name="executionBindingVariables" value="[]"/>
         <property name="hostName" value="NCI-IS - DESKTOP-JISS8F0"/>
         <property name="os" value="Windows 11 64bit"/>
         <property name="katalonVersion" value="11.1.3.0"/>
         <property name="browser" value="Chrome 148.0.7778.168"/>
         <property name="userFullName" value="Heri Kuswanto"/>
         <property name="hostAddress" value="192.168.0.64"/>
         <property name="sessionId" value="698e72fc1c853bab3b640b6bfb589086"/>
         <property name="projectName" value="testingqa"/>
         <property name="seleniumVersion" value="4.39.0"/>
         <property name="proxyInformation" value="ProxyInformation { proxyOption=NO_PROXY, proxyServerType=HTTP, username=, password=********, proxyServerAddress=, proxyServerPort=0, executionList=&quot;&quot;, isApplyToDesiredCapabilities=true }"/>
         <property name="platform" value="Windows 11"/>
      </properties>
      <testcase name="Test Cases/TC01 - Login" time="30.778" classname="Test Cases/TC01 - Login" status="PASSED">
         <system-out><![CDATA[22-05-2026T10:25:46 - [TEST_CASE][PASSED] - Test Cases/TC01 - Login: Test Cases/TC01 - Login

22-05-2026T10:25:46 - [TEST_STEP][PASSED] - openBrowser(""): Browser is opened with url: ''

22-05-2026T10:25:47 - [MESSAGE][INFO] - Starting 'Chrome' driver

22-05-2026T10:25:47 - [MESSAGE][INFO] - Action delay is set to 0 milliseconds

22-05-2026T10:25:49 - [MESSAGE][PASSED] - Browser is opened with url: ''

22-05-2026T10:25:49 - [TEST_STEP][PASSED] - navigateToUrl("https://app.nci.co.id/siora/"): Navigate to 'https://app.nci.co.id/siora/' successfully

22-05-2026T10:25:49 - [MESSAGE][PASSED] - Navigate to 'https://app.nci.co.id/siora/' successfully

22-05-2026T10:25:49 - [TEST_STEP][PASSED] - delay(5): Delayed 5 second(s)

22-05-2026T10:25:54 - [MESSAGE][PASSED] - Delayed 5 second(s)

22-05-2026T10:25:54 - [TEST_STEP][PASSED] - click(findTestObject("Login_OR/Page_SIORA/button_Login")): Object: 'Object Repository/Login_OR/Page_SIORA/button_Login' is clicked on

22-05-2026T10:25:55 - [MESSAGE][PASSED] - Object: 'Object Repository/Login_OR/Page_SIORA/button_Login' is clicked on

22-05-2026T10:25:55 - [TEST_STEP][PASSED] - delay(5): Delayed 5 second(s)

22-05-2026T10:26:00 - [MESSAGE][PASSED] - Delayed 5 second(s)

22-05-2026T10:26:00 - [TEST_STEP][PASSED] - setText(findTestObject("Login_OR/Page_SIORA/input_enter your email"), "herykuswanto03@gmail.com"): Text 'herykuswanto03@gmail.com' is set on object 'Object Repository/Login_OR/Page_SIORA/input_enter your email'

22-05-2026T10:26:01 - [MESSAGE][PASSED] - Text 'herykuswanto03@gmail.com' is set on object 'Object Repository/Login_OR/Page_SIORA/input_enter your email'

22-05-2026T10:26:01 - [TEST_STEP][PASSED] - delay(5): Delayed 5 second(s)

22-05-2026T10:26:06 - [MESSAGE][PASSED] - Delayed 5 second(s)

22-05-2026T10:26:06 - [TEST_STEP][PASSED] - setEncryptedText(findTestObject("Login_OR/Page_SIORA/input_"), "qkk5RTyihrJfVaznnNKVlg=="): Text ****** has been set on object 'Object Repository/Login_OR/Page_SIORA/input_'

22-05-2026T10:26:06 - [MESSAGE][PASSED] - Text ****** has been set on object 'Object Repository/Login_OR/Page_SIORA/input_'

22-05-2026T10:26:06 - [TEST_STEP][PASSED] - delay(5): Delayed 5 second(s)

22-05-2026T10:26:11 - [MESSAGE][PASSED] - Delayed 5 second(s)

22-05-2026T10:26:11 - [TEST_STEP][PASSED] - click(findTestObject("Login_OR/Page_SIORA/button_Sign In")): Object: 'Object Repository/Login_OR/Page_SIORA/button_Sign In' is clicked on

22-05-2026T10:26:11 - [MESSAGE][PASSED] - Object: 'Object Repository/Login_OR/Page_SIORA/button_Sign In' is clicked on

22-05-2026T10:26:11 - [TEST_STEP][PASSED] - delay(5): Delayed 5 second(s)

22-05-2026T10:26:16 - [MESSAGE][PASSED] - Delayed 5 second(s)]]></system-out>
         <system-err><![CDATA[]]></system-err>
      </testcase>
      <testcase name="Test Cases/TC02 - Reservasi Domestic" time="82.238" classname="Test Cases/TC02 - Reservasi Domestic" status="PASSED">
         <system-out><![CDATA[22-05-2026T10:26:17 - [TEST_CASE][PASSED] - Test Cases/TC02 - Reservasi Domestic: Test Cases/TC02 - Reservasi Domestic

22-05-2026T10:26:17 - [TEST_STEP][PASSED] - click(findTestObject("Reservasi_OR/Page_SIORA/img_Komodo Reservation")): Object: 'Object Repository/Reservasi_OR/Page_SIORA/img_Komodo Reservation' is clicked on

22-05-2026T10:26:17 - [MESSAGE][PASSED] - Object: 'Object Repository/Reservasi_OR/Page_SIORA/img_Komodo Reservation' is clicked on

22-05-2026T10:26:17 - [TEST_STEP][PASSED] - delay(5): Delayed 5 second(s)

22-05-2026T10:26:22 - [MESSAGE][PASSED] - Delayed 5 second(s)

22-05-2026T10:26:22 - [TEST_STEP][PASSED] - click(findTestObject("Reservasi_OR/Page_SIORA/div_w-6 h-6 rounded-lg border-2 flex items-cente")): Object: 'Object Repository/Reservasi_OR/Page_SIORA/div_w-6 h-6 rounded-lg border-2 flex items-cente' is clicked on

22-05-2026T10:26:22 - [MESSAGE][PASSED] - Object: 'Object Repository/Reservasi_OR/Page_SIORA/div_w-6 h-6 rounded-lg border-2 flex items-cente' is clicked on

22-05-2026T10:26:22 - [TEST_STEP][PASSED] - delay(5): Delayed 5 second(s)

22-05-2026T10:26:27 - [MESSAGE][PASSED] - Delayed 5 second(s)

22-05-2026T10:26:27 - [TEST_STEP][PASSED] - click(findTestObject("Reservasi_OR/Page_SIORA/button_Next")): Object: 'Object Repository/Reservasi_OR/Page_SIORA/button_Next' is clicked on

22-05-2026T10:26:28 - [MESSAGE][PASSED] - Object: 'Object Repository/Reservasi_OR/Page_SIORA/button_Next' is clicked on

22-05-2026T10:26:28 - [TEST_STEP][PASSED] - delay(5): Delayed 5 second(s)

22-05-2026T10:26:33 - [MESSAGE][PASSED] - Delayed 5 second(s)

22-05-2026T10:26:33 - [TEST_STEP][PASSED] - click(findTestObject("Reservasi_OR/Page_SIORA/button_inline-flex items-center justify-center g")): Object: 'Object Repository/Reservasi_OR/Page_SIORA/button_inline-flex items-center justify-center g' is clicked on

22-05-2026T10:26:33 - [MESSAGE][PASSED] - Object: 'Object Repository/Reservasi_OR/Page_SIORA/button_inline-flex items-center justify-center g' is clicked on

22-05-2026T10:26:33 - [TEST_STEP][PASSED] - delay(5): Delayed 5 second(s)

22-05-2026T10:26:38 - [MESSAGE][PASSED] - Delayed 5 second(s)

22-05-2026T10:26:38 - [TEST_STEP][PASSED] - click(findTestObject("Reservasi_OR/Page_SIORA/button_Continue to Tickets")): Object: 'Object Repository/Reservasi_OR/Page_SIORA/button_Continue to Tickets' is clicked on

22-05-2026T10:26:38 - [MESSAGE][PASSED] - Object: 'Object Repository/Reservasi_OR/Page_SIORA/button_Continue to Tickets' is clicked on

22-05-2026T10:26:38 - [TEST_STEP][PASSED] - delay(5): Delayed 5 second(s)

22-05-2026T10:26:43 - [MESSAGE][PASSED] - Delayed 5 second(s)

22-05-2026T10:26:43 - [TEST_STEP][PASSED] - click(findTestObject("Reservasi_OR/Page_SIORA/button_Komodo National Park")): Object: 'Object Repository/Reservasi_OR/Page_SIORA/button_Komodo National Park' is clicked on

22-05-2026T10:26:44 - [MESSAGE][PASSED] - Object: 'Object Repository/Reservasi_OR/Page_SIORA/button_Komodo National Park' is clicked on

22-05-2026T10:26:44 - [TEST_STEP][PASSED] - delay(5): Delayed 5 second(s)

22-05-2026T10:26:49 - [MESSAGE][PASSED] - Delayed 5 second(s)

22-05-2026T10:26:49 - [TEST_STEP][PASSED] - click(findTestObject("Reservasi_OR/Page_SIORA/button_Continue to Tickets")): Object: 'Object Repository/Reservasi_OR/Page_SIORA/button_Continue to Tickets' is clicked on

22-05-2026T10:26:49 - [MESSAGE][PASSED] - Object: 'Object Repository/Reservasi_OR/Page_SIORA/button_Continue to Tickets' is clicked on

22-05-2026T10:26:49 - [TEST_STEP][PASSED] - delay(5): Delayed 5 second(s)

22-05-2026T10:26:54 - [MESSAGE][PASSED] - Delayed 5 second(s)

22-05-2026T10:26:54 - [TEST_STEP][PASSED] - setText(findTestObject("Reservasi_OR/Page_SIORA/input_Alexander Thorne"), "testing"): Text 'testing' is set on object 'Object Repository/Reservasi_OR/Page_SIORA/input_Alexander Thorne'

22-05-2026T10:26:55 - [MESSAGE][PASSED] - Text 'testing' is set on object 'Object Repository/Reservasi_OR/Page_SIORA/input_Alexander Thorne'

22-05-2026T10:26:55 - [TEST_STEP][PASSED] - delay(5): Delayed 5 second(s)

22-05-2026T10:27:00 - [MESSAGE][PASSED] - Delayed 5 second(s)

22-05-2026T10:27:00 - [TEST_STEP][PASSED] - setText(findTestObject("Reservasi_OR/Page_SIORA/input_Passport or National ID"), "0123456789"): Text '0123456789' is set on object 'Object Repository/Reservasi_OR/Page_SIORA/input_Passport or National ID'

22-05-2026T10:27:01 - [MESSAGE][PASSED] - Text '0123456789' is set on object 'Object Repository/Reservasi_OR/Page_SIORA/input_Passport or National ID'

22-05-2026T10:27:01 - [TEST_STEP][PASSED] - delay(5): Delayed 5 second(s)

22-05-2026T10:27:06 - [MESSAGE][PASSED] - Delayed 5 second(s)

22-05-2026T10:27:06 - [TEST_STEP][PASSED] - setText(findTestObject("Reservasi_OR/Page_SIORA/input_e.g. London"), "testing"): Text 'testing' is set on object 'Object Repository/Reservasi_OR/Page_SIORA/input_e.g. London'

22-05-2026T10:27:06 - [MESSAGE][PASSED] - Text 'testing' is set on object 'Object Repository/Reservasi_OR/Page_SIORA/input_e.g. London'

22-05-2026T10:27:06 - [TEST_STEP][PASSED] - delay(5): Delayed 5 second(s)

22-05-2026T10:27:11 - [MESSAGE][PASSED] - Delayed 5 second(s)

22-05-2026T10:27:11 - [TEST_STEP][PASSED] - setText(findTestObject("Reservasi_OR/Page_SIORA/input_44"), "124"): Text '124' is set on object 'Object Repository/Reservasi_OR/Page_SIORA/input_44'

22-05-2026T10:27:12 - [MESSAGE][PASSED] - Text '124' is set on object 'Object Repository/Reservasi_OR/Page_SIORA/input_44'

22-05-2026T10:27:12 - [TEST_STEP][PASSED] - delay(5): Delayed 5 second(s)

22-05-2026T10:27:17 - [MESSAGE][PASSED] - Delayed 5 second(s)

22-05-2026T10:27:17 - [TEST_STEP][PASSED] - setText(findTestObject("Reservasi_OR/Page_SIORA/input_7700 900000"), "1241234"): Text '1241234' is set on object 'Object Repository/Reservasi_OR/Page_SIORA/input_7700 900000'

22-05-2026T10:27:18 - [MESSAGE][PASSED] - Text '1241234' is set on object 'Object Repository/Reservasi_OR/Page_SIORA/input_7700 900000'

22-05-2026T10:27:18 - [TEST_STEP][PASSED] - delay(5): Delayed 5 second(s)

22-05-2026T10:27:23 - [MESSAGE][PASSED] - Delayed 5 second(s)

22-05-2026T10:27:23 - [TEST_STEP][PASSED] - click(findTestObject("Reservasi_OR/Page_SIORA/button_Continue to Tickets")): Object: 'Object Repository/Reservasi_OR/Page_SIORA/button_Continue to Tickets' is clicked on

22-05-2026T10:27:23 - [MESSAGE][PASSED] - Object: 'Object Repository/Reservasi_OR/Page_SIORA/button_Continue to Tickets' is clicked on

22-05-2026T10:27:23 - [TEST_STEP][PASSED] - delay(5): Delayed 5 second(s)

22-05-2026T10:27:28 - [MESSAGE][PASSED] - Delayed 5 second(s)

22-05-2026T10:27:28 - [TEST_STEP][PASSED] - click(findTestObject("Reservasi_OR/Page_SIORA/button_Confirm")): Object: 'Object Repository/Reservasi_OR/Page_SIORA/button_Confirm' is clicked on

22-05-2026T10:27:28 - [MESSAGE][PASSED] - Object: 'Object Repository/Reservasi_OR/Page_SIORA/button_Confirm' is clicked on

22-05-2026T10:27:28 - [TEST_STEP][PASSED] - delay(5): Delayed 5 second(s)

22-05-2026T10:27:33 - [MESSAGE][PASSED] - Delayed 5 second(s)

22-05-2026T10:27:33 - [TEST_STEP][PASSED] - click(findTestObject("Reservasi_OR/Page_SIORA/button_Continue to Tickets")): Object: 'Object Repository/Reservasi_OR/Page_SIORA/button_Continue to Tickets' is clicked on

22-05-2026T10:27:34 - [MESSAGE][PASSED] - Object: 'Object Repository/Reservasi_OR/Page_SIORA/button_Continue to Tickets' is clicked on

22-05-2026T10:27:34 - [TEST_STEP][PASSED] - delay(5): Delayed 5 second(s)

22-05-2026T10:27:39 - [MESSAGE][PASSED] - Delayed 5 second(s)]]></system-out>
         <system-err><![CDATA[]]></system-err>
      </testcase>
      <system-out><![CDATA[22-05-2026T10:25:46 - [TEST_SUITE][PASSED] - Reservasi_Domestic: null]]></system-out>
      <system-err><![CDATA[]]></system-err>
   </testsuite>
</testsuites>
