<?xml version="1.0" encoding="UTF-8"?>
<testsuites name="Suites_Reservasi_Foreigner" time="74.755" tests="2" passed="2" failures="0" errors="0" incompleted="0" skipped="0">
   <testsuite name="Suites_Reservasi_Foreigner" tests="2" passed="2" failures="0" errors="0" incompleted="0" skipped="0" time="74.755" timestamp="2026-05-22T06:09:06.304Z" hostname="NCI-IS - DESKTOP-JISS8F0" id="Test Suites/Suites_Reservasi_Foreigner" status="PASSED">
      <properties>
         <property name="deviceName" value=""/>
         <property name="devicePlatform"/>
         <property name="logFolder" value="C:\\Users\\NCI-IS\\git\\testingqa\\Reports\\20260522_130856\\Suites_Reservasi_Foreigner\\20260522_130857"/>
         <property name="logFiles" value="C:\\Users\\NCI-IS\\git\\testingqa\\Reports\\20260522_130856\\Suites_Reservasi_Foreigner\\20260522_130857\\console0.log, C:\\Users\\NCI-IS\\git\\testingqa\\Reports\\20260522_130856\\Suites_Reservasi_Foreigner\\20260522_130857\\execution0.log"/>
         <property name="attachments" value=""/>
         <property name="executionBindingVariables" value="[]"/>
         <property name="hostName" value="NCI-IS - DESKTOP-JISS8F0"/>
         <property name="os" value="Windows 11 64bit"/>
         <property name="katalonVersion" value="11.1.3.0"/>
         <property name="browser" value="Chrome 148.0.7778.168"/>
         <property name="userFullName" value="Heri Kuswanto"/>
         <property name="hostAddress" value="192.168.0.64"/>
         <property name="sessionId" value="b17f18441077fa7dd30f87d41762c40e"/>
         <property name="projectName" value="testingqa"/>
         <property name="seleniumVersion" value="4.39.0"/>
         <property name="proxyInformation" value="ProxyInformation { proxyOption=NO_PROXY, proxyServerType=HTTP, username=, password=********, proxyServerAddress=, proxyServerPort=0, executionList=&quot;&quot;, isApplyToDesiredCapabilities=true }"/>
         <property name="platform" value="Windows 11"/>
      </properties>
      <testcase name="Test Cases/TC01 - Login" time="35.463" classname="Test Cases/TC01 - Login" status="PASSED">
         <system-out><![CDATA[22-05-2026T13:09:06 - [TEST_CASE][PASSED] - Test Cases/TC01 - Login: Test Cases/TC01 - Login

22-05-2026T13:09:07 - [TEST_STEP][PASSED] - openBrowser(""): Browser is opened with url: ''

22-05-2026T13:09:07 - [MESSAGE][INFO] - Starting 'Chrome' driver

22-05-2026T13:09:07 - [MESSAGE][INFO] - Action delay is set to 0 milliseconds

22-05-2026T13:09:12 - [MESSAGE][PASSED] - Browser is opened with url: ''

22-05-2026T13:09:12 - [TEST_STEP][PASSED] - navigateToUrl("https://app.nci.co.id/siora/"): Navigate to 'https://app.nci.co.id/siora/' successfully

22-05-2026T13:09:12 - [MESSAGE][PASSED] - Navigate to 'https://app.nci.co.id/siora/' successfully

22-05-2026T13:09:12 - [TEST_STEP][PASSED] - delay(5): Delayed 5 second(s)

22-05-2026T13:09:18 - [MESSAGE][PASSED] - Delayed 5 second(s)

22-05-2026T13:09:18 - [TEST_STEP][PASSED] - click(findTestObject("Login_OR/Page_SIORA/button_Login")): Object: 'Object Repository/Login_OR/Page_SIORA/button_Login' is clicked on

22-05-2026T13:09:19 - [MESSAGE][PASSED] - Object: 'Object Repository/Login_OR/Page_SIORA/button_Login' is clicked on

22-05-2026T13:09:19 - [TEST_STEP][PASSED] - delay(5): Delayed 5 second(s)

22-05-2026T13:09:24 - [MESSAGE][PASSED] - Delayed 5 second(s)

22-05-2026T13:09:24 - [TEST_STEP][PASSED] - setText(findTestObject("Login_OR/Page_SIORA/input_enter your email"), "herykuswanto03@gmail.com"): Text 'herykuswanto03@gmail.com' is set on object 'Object Repository/Login_OR/Page_SIORA/input_enter your email'

22-05-2026T13:09:25 - [MESSAGE][PASSED] - Text 'herykuswanto03@gmail.com' is set on object 'Object Repository/Login_OR/Page_SIORA/input_enter your email'

22-05-2026T13:09:25 - [TEST_STEP][PASSED] - delay(5): Delayed 5 second(s)

22-05-2026T13:09:30 - [MESSAGE][PASSED] - Delayed 5 second(s)

22-05-2026T13:09:30 - [TEST_STEP][PASSED] - setEncryptedText(findTestObject("Login_OR/Page_SIORA/input_"), "qkk5RTyihrJfVaznnNKVlg=="): Text ****** has been set on object 'Object Repository/Login_OR/Page_SIORA/input_'

22-05-2026T13:09:31 - [MESSAGE][PASSED] - Text ****** has been set on object 'Object Repository/Login_OR/Page_SIORA/input_'

22-05-2026T13:09:31 - [TEST_STEP][PASSED] - delay(5): Delayed 5 second(s)

22-05-2026T13:09:36 - [MESSAGE][PASSED] - Delayed 5 second(s)

22-05-2026T13:09:36 - [TEST_STEP][PASSED] - click(findTestObject("Login_OR/Page_SIORA/button_Sign In")): Object: 'Object Repository/Login_OR/Page_SIORA/button_Sign In' is clicked on

22-05-2026T13:09:37 - [MESSAGE][PASSED] - Object: 'Object Repository/Login_OR/Page_SIORA/button_Sign In' is clicked on

22-05-2026T13:09:37 - [TEST_STEP][PASSED] - delay(5): Delayed 5 second(s)

22-05-2026T13:09:42 - [MESSAGE][PASSED] - Delayed 5 second(s)]]></system-out>
         <system-err><![CDATA[]]></system-err>
      </testcase>
      <testcase name="Test Cases/TC03 - Reservasi Foreigner" time="38.982" classname="Test Cases/TC03 - Reservasi Foreigner" status="PASSED">
         <system-out><![CDATA[22-05-2026T13:09:42 - [TEST_CASE][PASSED] - Test Cases/TC03 - Reservasi Foreigner: Test Cases/TC03 - Reservasi Foreigner

22-05-2026T13:09:42 - [TEST_STEP][PASSED] - click(findTestObject("Reservasi_OR/Page_SIORA/img_Komodo Reservation")): Object: 'Object Repository/Reservasi_OR/Page_SIORA/img_Komodo Reservation' is clicked on

22-05-2026T13:09:43 - [MESSAGE][PASSED] - Object: 'Object Repository/Reservasi_OR/Page_SIORA/img_Komodo Reservation' is clicked on

22-05-2026T13:09:43 - [TEST_STEP][PASSED] - delay(2): Delayed 2 second(s)

22-05-2026T13:09:45 - [MESSAGE][PASSED] - Delayed 2 second(s)

22-05-2026T13:09:45 - [TEST_STEP][PASSED] - click(findTestObject("Reservasi_OR/Page_SIORA/div_w-6 h-6 rounded-lg border-2 flex items-cente")): Object: 'Object Repository/Reservasi_OR/Page_SIORA/div_w-6 h-6 rounded-lg border-2 flex items-cente' is clicked on

22-05-2026T13:09:45 - [MESSAGE][PASSED] - Object: 'Object Repository/Reservasi_OR/Page_SIORA/div_w-6 h-6 rounded-lg border-2 flex items-cente' is clicked on

22-05-2026T13:09:45 - [TEST_STEP][PASSED] - delay(2): Delayed 2 second(s)

22-05-2026T13:09:47 - [MESSAGE][PASSED] - Delayed 2 second(s)

22-05-2026T13:09:47 - [TEST_STEP][PASSED] - click(findTestObject("Reservasi_OR/Page_SIORA/button_Next")): Object: 'Object Repository/Reservasi_OR/Page_SIORA/button_Next' is clicked on

22-05-2026T13:09:48 - [MESSAGE][PASSED] - Object: 'Object Repository/Reservasi_OR/Page_SIORA/button_Next' is clicked on

22-05-2026T13:09:48 - [TEST_STEP][PASSED] - delay(2): Delayed 2 second(s)

22-05-2026T13:09:50 - [MESSAGE][PASSED] - Delayed 2 second(s)

22-05-2026T13:09:50 - [TEST_STEP][PASSED] - click(findTestObject("Reservasi_OR/Page_SIORA/Page_SIORA/button_inline-flex items-center justify-center g")): Object: 'Object Repository/Reservasi_OR/Page_SIORA/Page_SIORA/button_inline-flex items-center justify-center g' is clicked on

22-05-2026T13:09:50 - [MESSAGE][PASSED] - Object: 'Object Repository/Reservasi_OR/Page_SIORA/Page_SIORA/button_inline-flex items-center justify-center g' is clicked on

22-05-2026T13:09:50 - [TEST_STEP][PASSED] - delay(2): Delayed 2 second(s)

22-05-2026T13:09:52 - [MESSAGE][PASSED] - Delayed 2 second(s)

22-05-2026T13:09:52 - [TEST_STEP][PASSED] - click(findTestObject("Reservasi_OR/Page_SIORA/button_Continue to Tickets")): Object: 'Object Repository/Reservasi_OR/Page_SIORA/button_Continue to Tickets' is clicked on

22-05-2026T13:09:53 - [MESSAGE][PASSED] - Object: 'Object Repository/Reservasi_OR/Page_SIORA/button_Continue to Tickets' is clicked on

22-05-2026T13:09:53 - [TEST_STEP][PASSED] - delay(2): Delayed 2 second(s)

22-05-2026T13:09:55 - [MESSAGE][PASSED] - Delayed 2 second(s)

22-05-2026T13:09:55 - [TEST_STEP][PASSED] - click(findTestObject("Reservasi_OR/Page_SIORA/button_Komodo National Park")): Object: 'Object Repository/Reservasi_OR/Page_SIORA/button_Komodo National Park' is clicked on

22-05-2026T13:09:56 - [MESSAGE][PASSED] - Object: 'Object Repository/Reservasi_OR/Page_SIORA/button_Komodo National Park' is clicked on

22-05-2026T13:09:56 - [TEST_STEP][PASSED] - delay(2): Delayed 2 second(s)

22-05-2026T13:09:58 - [MESSAGE][PASSED] - Delayed 2 second(s)

22-05-2026T13:09:58 - [TEST_STEP][PASSED] - click(findTestObject("Reservasi_OR/Page_SIORA/button_Continue to Tickets")): Object: 'Object Repository/Reservasi_OR/Page_SIORA/button_Continue to Tickets' is clicked on

22-05-2026T13:09:58 - [MESSAGE][PASSED] - Object: 'Object Repository/Reservasi_OR/Page_SIORA/button_Continue to Tickets' is clicked on

22-05-2026T13:09:58 - [TEST_STEP][PASSED] - delay(2): Delayed 2 second(s)

22-05-2026T13:10:00 - [MESSAGE][PASSED] - Delayed 2 second(s)

22-05-2026T13:10:00 - [TEST_STEP][PASSED] - click(findTestObject("Reservasi_OR/Page_SIORA/Page_SIORA/button_FOREIGNER1")): Object: 'Object Repository/Reservasi_OR/Page_SIORA/Page_SIORA/button_FOREIGNER1' is clicked on

22-05-2026T13:10:01 - [MESSAGE][PASSED] - Object: 'Object Repository/Reservasi_OR/Page_SIORA/Page_SIORA/button_FOREIGNER1' is clicked on

22-05-2026T13:10:01 - [TEST_STEP][PASSED] - delay(2): Delayed 2 second(s)

22-05-2026T13:10:03 - [MESSAGE][PASSED] - Delayed 2 second(s)

22-05-2026T13:10:03 - [TEST_STEP][PASSED] - setText(findTestObject("Reservasi_OR/Page_SIORA/input_Alexander Thorne"), "testing"): Text 'testing' is set on object 'Object Repository/Reservasi_OR/Page_SIORA/input_Alexander Thorne'

22-05-2026T13:10:05 - [MESSAGE][PASSED] - Text 'testing' is set on object 'Object Repository/Reservasi_OR/Page_SIORA/input_Alexander Thorne'

22-05-2026T13:10:05 - [TEST_STEP][PASSED] - setText(findTestObject("Reservasi_OR/Page_SIORA/input_Passport or National ID"), "0123456789"): Text '0123456789' is set on object 'Object Repository/Reservasi_OR/Page_SIORA/input_Passport or National ID'

22-05-2026T13:10:06 - [MESSAGE][PASSED] - Text '0123456789' is set on object 'Object Repository/Reservasi_OR/Page_SIORA/input_Passport or National ID'

22-05-2026T13:10:06 - [TEST_STEP][PASSED] - click(findTestObject("Reservasi_OR/Page_SIORA/Page_SIORA/div_css-1xc3v61-indicatorContainer")): Object: 'Object Repository/Reservasi_OR/Page_SIORA/Page_SIORA/div_css-1xc3v61-indicatorContainer' is clicked on

22-05-2026T13:10:07 - [MESSAGE][PASSED] - Object: 'Object Repository/Reservasi_OR/Page_SIORA/Page_SIORA/div_css-1xc3v61-indicatorContainer' is clicked on

22-05-2026T13:10:07 - [TEST_STEP][PASSED] - click(findTestObject("Reservasi_OR/Page_SIORA/Page_SIORA/div_react-select-3-option-17")): Object: 'Object Repository/Reservasi_OR/Page_SIORA/Page_SIORA/div_react-select-3-option-17' is clicked on

22-05-2026T13:10:08 - [MESSAGE][PASSED] - Object: 'Object Repository/Reservasi_OR/Page_SIORA/Page_SIORA/div_react-select-3-option-17' is clicked on

22-05-2026T13:10:08 - [TEST_STEP][PASSED] - setText(findTestObject("Reservasi_OR/Page_SIORA/input_e.g. London"), "testing"): Text 'testing' is set on object 'Object Repository/Reservasi_OR/Page_SIORA/input_e.g. London'

22-05-2026T13:10:09 - [MESSAGE][PASSED] - Text 'testing' is set on object 'Object Repository/Reservasi_OR/Page_SIORA/input_e.g. London'

22-05-2026T13:10:09 - [TEST_STEP][PASSED] - setText(findTestObject("Reservasi_OR/Page_SIORA/input_44"), "1412"): Text '1412' is set on object 'Object Repository/Reservasi_OR/Page_SIORA/input_44'

22-05-2026T13:10:11 - [MESSAGE][PASSED] - Text '1412' is set on object 'Object Repository/Reservasi_OR/Page_SIORA/input_44'

22-05-2026T13:10:11 - [TEST_STEP][PASSED] - delay(2): Delayed 2 second(s)

22-05-2026T13:10:13 - [MESSAGE][PASSED] - Delayed 2 second(s)

22-05-2026T13:10:13 - [TEST_STEP][PASSED] - setText(findTestObject("Reservasi_OR/Page_SIORA/input_7700 900000"), "1412123"): Text '1412123' is set on object 'Object Repository/Reservasi_OR/Page_SIORA/input_7700 900000'

22-05-2026T13:10:14 - [MESSAGE][PASSED] - Text '1412123' is set on object 'Object Repository/Reservasi_OR/Page_SIORA/input_7700 900000'

22-05-2026T13:10:14 - [TEST_STEP][PASSED] - click(findTestObject("Reservasi_OR/Page_SIORA/button_Continue to Tickets")): Object: 'Object Repository/Reservasi_OR/Page_SIORA/button_Continue to Tickets' is clicked on

22-05-2026T13:10:14 - [MESSAGE][PASSED] - Object: 'Object Repository/Reservasi_OR/Page_SIORA/button_Continue to Tickets' is clicked on

22-05-2026T13:10:14 - [TEST_STEP][PASSED] - delay(2): Delayed 2 second(s)

22-05-2026T13:10:16 - [MESSAGE][PASSED] - Delayed 2 second(s)

22-05-2026T13:10:16 - [TEST_STEP][PASSED] - click(findTestObject("Reservasi_OR/Page_SIORA/Page_SIORA/button_Confirm")): Object: 'Object Repository/Reservasi_OR/Page_SIORA/Page_SIORA/button_Confirm' is clicked on

22-05-2026T13:10:17 - [MESSAGE][PASSED] - Object: 'Object Repository/Reservasi_OR/Page_SIORA/Page_SIORA/button_Confirm' is clicked on

22-05-2026T13:10:17 - [TEST_STEP][PASSED] - click(findTestObject("Reservasi_OR/Page_SIORA/button_Continue to Tickets")): Object: 'Object Repository/Reservasi_OR/Page_SIORA/button_Continue to Tickets' is clicked on

22-05-2026T13:10:19 - [MESSAGE][PASSED] - Object: 'Object Repository/Reservasi_OR/Page_SIORA/button_Continue to Tickets' is clicked on

22-05-2026T13:10:19 - [TEST_STEP][PASSED] - delay(2): Delayed 2 second(s)

22-05-2026T13:10:21 - [MESSAGE][PASSED] - Delayed 2 second(s)]]></system-out>
         <system-err><![CDATA[]]></system-err>
      </testcase>
      <system-out><![CDATA[22-05-2026T13:09:06 - [TEST_SUITE][PASSED] - Suites_Reservasi_Foreigner: null]]></system-out>
      <system-err><![CDATA[]]></system-err>
   </testsuite>
</testsuites>
